<?xml version="1.0" encoding="UTF-8"?>
<!-- Generated by org.testng.reporters.JUnitXMLReporter -->
<testsuite ignored="0" hostname="LAPTOP-MK5BCJM0" failures="0" tests="4" name="Default test" time="5.106" errors="0" timestamp="2024-12-02T17:56:51 GMT">
  <testcase classname="api.test.UserTests2" name="testPostUser" time="2.628"/>
  <testcase classname="api.test.UserTests2" name="testGetUserByName" time="0.46"/>
  <testcase classname="api.test.UserTests2" name="testUpdateUserByName" time="0.858"/>
  <testcase classname="api.test.UserTests2" name="testDeleteUserByName" time="0.414"/>
</testsuite> <!-- Default test -->
