<?xml version="1.0" encoding="UTF-8"?>
<testng-results ignored="0" total="8" passed="8" failed="0" skipped="0">
  <reporter-output>
  </reporter-output>
  <suite started-at="2024-12-02T18:04:49 GMT" name="PetSuite" finished-at="2024-12-02T18:04:57 GMT" duration-ms="8051">
    <groups>
    </groups>
    <test started-at="2024-12-02T18:04:49 GMT" name="PetTests" finished-at="2024-12-02T18:04:57 GMT" duration-ms="8051">
      <class name="api.test.UserTests2">
        <test-method is-config="true" signature="setUp()[pri:0, instance:api.test.UserTests2@52bf72b5]" started-at="2024-12-02T18:04:55 GMT" name="setUp" finished-at="2024-12-02T18:04:55 GMT" duration-ms="51" status="PASS">
          <reporter-output>
          </reporter-output>
        </test-method> <!-- setUp -->
        <test-method signature="testPostUser()[pri:1, instance:api.test.UserTests2@52bf72b5]" started-at="2024-12-02T18:04:55 GMT" name="testPostUser" finished-at="2024-12-02T18:04:56 GMT" duration-ms="444" status="PASS">
          <reporter-output>
          </reporter-output>
        </test-method> <!-- testPostUser -->
        <test-method signature="testGetUserByName()[pri:2, instance:api.test.UserTests2@52bf72b5]" started-at="2024-12-02T18:04:56 GMT" name="testGetUserByName" finished-at="2024-12-02T18:04:56 GMT" duration-ms="430" status="PASS">
          <reporter-output>
          </reporter-output>
        </test-method> <!-- testGetUserByName -->
        <test-method signature="testUpdateUserByName()[pri:3, instance:api.test.UserTests2@52bf72b5]" started-at="2024-12-02T18:04:56 GMT" name="testUpdateUserByName" finished-at="2024-12-02T18:04:57 GMT" duration-ms="852" status="PASS">
          <reporter-output>
          </reporter-output>
        </test-method> <!-- testUpdateUserByName -->
        <test-method signature="testDeleteUserByName()[pri:4, instance:api.test.UserTests2@52bf72b5]" started-at="2024-12-02T18:04:57 GMT" name="testDeleteUserByName" finished-at="2024-12-02T18:04:57 GMT" duration-ms="435" status="PASS">
          <reporter-output>
          </reporter-output>
        </test-method> <!-- testDeleteUserByName -->
      </class> <!-- api.test.UserTests2 -->
      <class name="api.test.UserTests">
        <test-method is-config="true" signature="setup()[pri:0, instance:api.test.UserTests@7ec7ffd3]" started-at="2024-12-02T18:04:49 GMT" name="setup" finished-at="2024-12-02T18:04:50 GMT" duration-ms="687" status="PASS">
          <reporter-output>
          </reporter-output>
        </test-method> <!-- setup -->
        <test-method signature="testPostUser()[pri:1, instance:api.test.UserTests@7ec7ffd3]" started-at="2024-12-02T18:04:50 GMT" name="testPostUser" finished-at="2024-12-02T18:04:52 GMT" duration-ms="2370" status="PASS">
          <reporter-output>
          </reporter-output>
        </test-method> <!-- testPostUser -->
        <test-method signature="testGetUserByName()[pri:2, instance:api.test.UserTests@7ec7ffd3]" started-at="2024-12-02T18:04:53 GMT" name="testGetUserByName" finished-at="2024-12-02T18:04:54 GMT" duration-ms="1196" status="PASS">
          <reporter-output>
          </reporter-output>
        </test-method> <!-- testGetUserByName -->
        <test-method signature="testUpdateUserByName()[pri:3, instance:api.test.UserTests@7ec7ffd3]" started-at="2024-12-02T18:04:54 GMT" name="testUpdateUserByName" finished-at="2024-12-02T18:04:55 GMT" duration-ms="885" status="PASS">
          <reporter-output>
          </reporter-output>
        </test-method> <!-- testUpdateUserByName -->
        <test-method signature="testDeleteUserByName()[pri:4, instance:api.test.UserTests@7ec7ffd3]" started-at="2024-12-02T18:04:55 GMT" name="testDeleteUserByName" finished-at="2024-12-02T18:04:55 GMT" duration-ms="425" status="PASS">
          <reporter-output>
          </reporter-output>
        </test-method> <!-- testDeleteUserByName -->
      </class> <!-- api.test.UserTests -->
    </test> <!-- PetTests -->
  </suite> <!-- PetSuite -->
</testng-results>
