<?xml version="1.0" encoding="UTF-8"?>
<testng-results ignored="0" total="8" passed="8" failed="0" skipped="0">
  <reporter-output>
  </reporter-output>
  <suite started-at="2025-02-19T15:21:03 GMT" name="PetSuite" finished-at="2025-02-19T15:21:23 GMT" duration-ms="19495">
    <groups>
    </groups>
    <test started-at="2025-02-19T15:21:03 GMT" name="PetTests" finished-at="2025-02-19T15:21:23 GMT" duration-ms="19495">
      <class name="api.test.DDStoreTests">
        <test-method signature="testPostOrder(java.lang.String,java.lang.String,java.lang.String,java.lang.String,java.lang.String,java.lang.String)[pri:1, instance:api.test.DDStoreTests@2f7298b]" started-at="2025-02-19T15:21:11 GMT" name="testPostOrder" data-provider="storeData" finished-at="2025-02-19T15:21:18 GMT" duration-ms="7454" status="PASS">
          <params>
            <param index="0">
              <value>
                <![CDATA[101]]>
              </value>
            </param>
            <param index="1">
              <value>
                <![CDATA[2]]>
              </value>
            </param>
            <param index="2">
              <value>
                <![CDATA[2]]>
              </value>
            </param>
            <param index="3">
              <value>
                <![CDATA[2024-12-15T10:20:05.124Z]]>
              </value>
            </param>
            <param index="4">
              <value>
                <![CDATA[placed]]>
              </value>
            </param>
            <param index="5">
              <value>
                <![CDATA[TRUE]]>
              </value>
            </param>
          </params>
          <reporter-output>
          </reporter-output>
        </test-method> <!-- testPostOrder -->
        <test-method signature="testPostOrder(java.lang.String,java.lang.String,java.lang.String,java.lang.String,java.lang.String,java.lang.String)[pri:1, instance:api.test.DDStoreTests@2f7298b]" started-at="2025-02-19T15:21:19 GMT" name="testPostOrder" data-provider="storeData" finished-at="2025-02-19T15:21:19 GMT" duration-ms="542" status="PASS">
          <params>
            <param index="0">
              <value>
                <![CDATA[102]]>
              </value>
            </param>
            <param index="1">
              <value>
                <![CDATA[4]]>
              </value>
            </param>
            <param index="2">
              <value>
                <![CDATA[1]]>
              </value>
            </param>
            <param index="3">
              <value>
                <![CDATA[2024-12-17T10:00:05.124Z]]>
              </value>
            </param>
            <param index="4">
              <value>
                <![CDATA[placed]]>
              </value>
            </param>
            <param index="5">
              <value>
                <![CDATA[TRUE]]>
              </value>
            </param>
          </params>
          <reporter-output>
          </reporter-output>
        </test-method> <!-- testPostOrder -->
        <test-method signature="testPostOrder(java.lang.String,java.lang.String,java.lang.String,java.lang.String,java.lang.String,java.lang.String)[pri:1, instance:api.test.DDStoreTests@2f7298b]" started-at="2025-02-19T15:21:19 GMT" name="testPostOrder" data-provider="storeData" finished-at="2025-02-19T15:21:20 GMT" duration-ms="521" status="PASS">
          <params>
            <param index="0">
              <value>
                <![CDATA[103]]>
              </value>
            </param>
            <param index="1">
              <value>
                <![CDATA[1]]>
              </value>
            </param>
            <param index="2">
              <value>
                <![CDATA[4]]>
              </value>
            </param>
            <param index="3">
              <value>
                <![CDATA[2024-12-18T09:10:05.124Z]]>
              </value>
            </param>
            <param index="4">
              <value>
                <![CDATA[placed]]>
              </value>
            </param>
            <param index="5">
              <value>
                <![CDATA[TRUE]]>
              </value>
            </param>
          </params>
          <reporter-output>
          </reporter-output>
        </test-method> <!-- testPostOrder -->
        <test-method signature="testPostOrder(java.lang.String,java.lang.String,java.lang.String,java.lang.String,java.lang.String,java.lang.String)[pri:1, instance:api.test.DDStoreTests@2f7298b]" started-at="2025-02-19T15:21:20 GMT" name="testPostOrder" data-provider="storeData" finished-at="2025-02-19T15:21:20 GMT" duration-ms="487" status="PASS">
          <params>
            <param index="0">
              <value>
                <![CDATA[104]]>
              </value>
            </param>
            <param index="1">
              <value>
                <![CDATA[3]]>
              </value>
            </param>
            <param index="2">
              <value>
                <![CDATA[3]]>
              </value>
            </param>
            <param index="3">
              <value>
                <![CDATA[2024-12-20T12:05:05.124Z]]>
              </value>
            </param>
            <param index="4">
              <value>
                <![CDATA[placed]]>
              </value>
            </param>
            <param index="5">
              <value>
                <![CDATA[TRUE]]>
              </value>
            </param>
          </params>
          <reporter-output>
          </reporter-output>
        </test-method> <!-- testPostOrder -->
        <test-method signature="testDeleteByUsingId(java.lang.String)[pri:2, instance:api.test.DDStoreTests@2f7298b]" started-at="2025-02-19T15:21:21 GMT" name="testDeleteByUsingId" data-provider="ids" finished-at="2025-02-19T15:21:21 GMT" duration-ms="658" status="PASS">
          <params>
            <param index="0">
              <value>
                <![CDATA[101]]>
              </value>
            </param>
          </params>
          <reporter-output>
          </reporter-output>
        </test-method> <!-- testDeleteByUsingId -->
        <test-method signature="testDeleteByUsingId(java.lang.String)[pri:2, instance:api.test.DDStoreTests@2f7298b]" started-at="2025-02-19T15:21:21 GMT" name="testDeleteByUsingId" data-provider="ids" finished-at="2025-02-19T15:21:22 GMT" duration-ms="499" status="PASS">
          <params>
            <param index="0">
              <value>
                <![CDATA[102]]>
              </value>
            </param>
          </params>
          <reporter-output>
          </reporter-output>
        </test-method> <!-- testDeleteByUsingId -->
        <test-method signature="testDeleteByUsingId(java.lang.String)[pri:2, instance:api.test.DDStoreTests@2f7298b]" started-at="2025-02-19T15:21:22 GMT" name="testDeleteByUsingId" data-provider="ids" finished-at="2025-02-19T15:21:22 GMT" duration-ms="492" status="PASS">
          <params>
            <param index="0">
              <value>
                <![CDATA[103]]>
              </value>
            </param>
          </params>
          <reporter-output>
          </reporter-output>
        </test-method> <!-- testDeleteByUsingId -->
        <test-method signature="testDeleteByUsingId(java.lang.String)[pri:2, instance:api.test.DDStoreTests@2f7298b]" started-at="2025-02-19T15:21:22 GMT" name="testDeleteByUsingId" data-provider="ids" finished-at="2025-02-19T15:21:23 GMT" duration-ms="481" status="PASS">
          <params>
            <param index="0">
              <value>
                <![CDATA[104]]>
              </value>
            </param>
          </params>
          <reporter-output>
          </reporter-output>
        </test-method> <!-- testDeleteByUsingId -->
      </class> <!-- api.test.DDStoreTests -->
    </test> <!-- PetTests -->
  </suite> <!-- PetSuite -->
</testng-results>
