<?xml version="1.0" encoding="UTF-8"?>
<testng-results ignored="0" total="3" passed="3" failed="0" skipped="0">
  <reporter-output>
  </reporter-output>
  <suite started-at="2024-12-04T15:30:01 GMT" name="PetSuite" finished-at="2024-12-04T15:30:06 GMT" duration-ms="5270">
    <groups>
    </groups>
    <test started-at="2024-12-04T15:30:01 GMT" name="PetTests" finished-at="2024-12-04T15:30:06 GMT" duration-ms="5270">
      <class name="api.test.PetTests">
        <test-method is-config="true" signature="setUp()[pri:0, instance:api.test.PetTests@65987993]" started-at="2024-12-04T15:30:01 GMT" name="setUp" finished-at="2024-12-04T15:30:01 GMT" duration-ms="17" status="PASS">
          <reporter-output>
          </reporter-output>
        </test-method> <!-- setUp -->
        <test-method signature="testPostPet()[pri:1, instance:api.test.PetTests@65987993]" started-at="2024-12-04T15:30:01 GMT" name="testPostPet" finished-at="2024-12-04T15:30:04 GMT" duration-ms="2798" status="PASS">
          <reporter-output>
          </reporter-output>
        </test-method> <!-- testPostPet -->
        <test-method signature="testGetPetById()[pri:2, instance:api.test.PetTests@65987993]" started-at="2024-12-04T15:30:04 GMT" name="testGetPetById" finished-at="2024-12-04T15:30:05 GMT" duration-ms="1269" status="PASS">
          <reporter-output>
          </reporter-output>
        </test-method> <!-- testGetPetById -->
        <test-method signature="testUpadePet()[pri:3, instance:api.test.PetTests@65987993]" started-at="2024-12-04T15:30:05 GMT" name="testUpadePet" finished-at="2024-12-04T15:30:06 GMT" duration-ms="849" status="PASS">
          <reporter-output>
          </reporter-output>
        </test-method> <!-- testUpadePet -->
      </class> <!-- api.test.PetTests -->
    </test> <!-- PetTests -->
  </suite> <!-- PetSuite -->
</testng-results>
