<?xml version="1.0" encoding="UTF-8"?>
<testng-results ignored="0" total="8" passed="8" failed="0" skipped="0">
  <reporter-output>
  </reporter-output>
  <suite started-at="2024-12-02T17:59:10 GMT" name="PetSuite" finished-at="2024-12-02T17:59:18 GMT" duration-ms="7574">
    <groups>
    </groups>
    <test started-at="2024-12-02T17:59:10 GMT" name="PetTests" finished-at="2024-12-02T17:59:18 GMT" duration-ms="7574">
      <class name="api.test.UserTests2">
        <test-method is-config="true" signature="setUp()[pri:0, instance:api.test.UserTests2@673fdbce]" started-at="2024-12-02T17:59:16 GMT" name="setUp" finished-at="2024-12-02T17:59:16 GMT" duration-ms="37" status="PASS">
          <reporter-output>
          </reporter-output>
        </test-method> <!-- setUp -->
        <test-method signature="testPostUser()[pri:1, instance:api.test.UserTests2@673fdbce]" started-at="2024-12-02T17:59:16 GMT" name="testPostUser" finished-at="2024-12-02T17:59:16 GMT" duration-ms="429" status="PASS">
          <reporter-output>
          </reporter-output>
        </test-method> <!-- testPostUser -->
        <test-method signature="testGetUserByName()[pri:2, instance:api.test.UserTests2@673fdbce]" started-at="2024-12-02T17:59:16 GMT" name="testGetUserByName" finished-at="2024-12-02T17:59:17 GMT" duration-ms="420" status="PASS">
          <reporter-output>
          </reporter-output>
        </test-method> <!-- testGetUserByName -->
        <test-method signature="testUpdateUserByName()[pri:3, instance:api.test.UserTests2@673fdbce]" started-at="2024-12-02T17:59:17 GMT" name="testUpdateUserByName" finished-at="2024-12-02T17:59:18 GMT" duration-ms="903" status="PASS">
          <reporter-output>
          </reporter-output>
        </test-method> <!-- testUpdateUserByName -->
        <test-method signature="testDeleteUserByName()[pri:4, instance:api.test.UserTests2@673fdbce]" started-at="2024-12-02T17:59:18 GMT" name="testDeleteUserByName" finished-at="2024-12-02T17:59:18 GMT" duration-ms="425" status="PASS">
          <reporter-output>
          </reporter-output>
        </test-method> <!-- testDeleteUserByName -->
      </class> <!-- api.test.UserTests2 -->
      <class name="api.test.UserTests">
        <test-method is-config="true" signature="setup()[pri:0, instance:api.test.UserTests@6f53b8a]" started-at="2024-12-02T17:59:11 GMT" name="setup" finished-at="2024-12-02T17:59:11 GMT" duration-ms="609" status="PASS">
          <reporter-output>
          </reporter-output>
        </test-method> <!-- setup -->
        <test-method signature="testPostUser()[pri:1, instance:api.test.UserTests@6f53b8a]" started-at="2024-12-02T17:59:11 GMT" name="testPostUser" finished-at="2024-12-02T17:59:13 GMT" duration-ms="1890" status="PASS">
          <reporter-output>
          </reporter-output>
        </test-method> <!-- testPostUser -->
        <test-method signature="testGetUserByName()[pri:2, instance:api.test.UserTests@6f53b8a]" started-at="2024-12-02T17:59:13 GMT" name="testGetUserByName" finished-at="2024-12-02T17:59:15 GMT" duration-ms="1215" status="PASS">
          <reporter-output>
          </reporter-output>
        </test-method> <!-- testGetUserByName -->
        <test-method signature="testUpdateUserByName()[pri:3, instance:api.test.UserTests@6f53b8a]" started-at="2024-12-02T17:59:15 GMT" name="testUpdateUserByName" finished-at="2024-12-02T17:59:15 GMT" duration-ms="876" status="PASS">
          <reporter-output>
          </reporter-output>
        </test-method> <!-- testUpdateUserByName -->
        <test-method signature="testDeleteUserByName()[pri:4, instance:api.test.UserTests@6f53b8a]" started-at="2024-12-02T17:59:15 GMT" name="testDeleteUserByName" finished-at="2024-12-02T17:59:16 GMT" duration-ms="440" status="PASS">
          <reporter-output>
          </reporter-output>
        </test-method> <!-- testDeleteUserByName -->
      </class> <!-- api.test.UserTests -->
    </test> <!-- PetTests -->
  </suite> <!-- PetSuite -->
</testng-results>
