<?xml version="1.0" encoding="UTF-8"?>
<!-- Generated by org.testng.reporters.JUnitXMLReporter -->
<testsuite ignored="0" hostname="LAPTOP-MK5BCJM0" failures="0" tests="8" name="PetTests" time="8.051" errors="0" timestamp="2024-12-02T18:04:58 GMT">
  <testcase classname="api.test.UserTests" name="testPostUser" time="2.37"/>
  <testcase classname="api.test.UserTests" name="testGetUserByName" time="1.196"/>
  <testcase classname="api.test.UserTests" name="testUpdateUserByName" time="0.885"/>
  <testcase classname="api.test.UserTests" name="testDeleteUserByName" time="0.425"/>
  <testcase classname="api.test.UserTests2" name="testPostUser" time="0.444"/>
  <testcase classname="api.test.UserTests2" name="testGetUserByName" time="0.43"/>
  <testcase classname="api.test.UserTests2" name="testUpdateUserByName" time="0.852"/>
  <testcase classname="api.test.UserTests2" name="testDeleteUserByName" time="0.435"/>
</testsuite> <!-- PetTests -->
