<?xml version="1.0" encoding="UTF-8"?>
<!-- Generated by org.testng.reporters.JUnitXMLReporter -->
<testsuite ignored="0" hostname="LAPTOP-MK5BCJM0" failures="0" tests="8" name="PetTests" time="7.574" errors="0" timestamp="2024-12-02T17:59:18 GMT">
  <testcase classname="api.test.UserTests" name="testPostUser" time="1.89"/>
  <testcase classname="api.test.UserTests" name="testGetUserByName" time="1.215"/>
  <testcase classname="api.test.UserTests" name="testUpdateUserByName" time="0.876"/>
  <testcase classname="api.test.UserTests" name="testDeleteUserByName" time="0.44"/>
  <testcase classname="api.test.UserTests2" name="testPostUser" time="0.429"/>
  <testcase classname="api.test.UserTests2" name="testGetUserByName" time="0.42"/>
  <testcase classname="api.test.UserTests2" name="testUpdateUserByName" time="0.903"/>
  <testcase classname="api.test.UserTests2" name="testDeleteUserByName" time="0.425"/>
</testsuite> <!-- PetTests -->
